0 info it worked if it ends with ok
1 verbose cli [ '/Users/gopinathmuthusamy/.nvm/versions/node/v6.9.1/bin/node',
1 verbose cli   '/Users/gopinathmuthusamy/.nvm/versions/node/v6.9.1/bin/npm',
1 verbose cli   'start' ]
2 info using npm@3.10.8
3 info using node@v6.9.1
4 verbose run-script [ 'prestart', 'start', 'poststart' ]
5 info lifecycle react-assignment-one@0.1.0~prestart: react-assignment-one@0.1.0
6 silly lifecycle react-assignment-one@0.1.0~prestart: no script for prestart, continuing
7 info lifecycle react-assignment-one@0.1.0~start: react-assignment-one@0.1.0
8 verbose lifecycle react-assignment-one@0.1.0~start: unsafe-perm in lifecycle true
9 verbose lifecycle react-assignment-one@0.1.0~start: PATH: /Users/gopinathmuthusamy/.nvm/versions/node/v6.9.1/lib/node_modules/npm/bin/node-gyp-bin:/Users/gopinathmuthusamy/Workspace/develop/react-assignment-one/node_modules/.bin:/Users/gopinathmuthusamy/.nvm/versions/node/v6.9.1/bin:/usr/local/bin:/Users/gopinathmuthusamy/bin:/usr/local/bin:/usr/local/bin:/usr/bin:/bin:/usr/sbin:/sbin
10 verbose lifecycle react-assignment-one@0.1.0~start: CWD: /Users/gopinathmuthusamy/Workspace/develop/react-assignment-one
11 silly lifecycle react-assignment-one@0.1.0~start: Args: [ '-c', 'PORT=3001 react-scripts start' ]
12 silly lifecycle react-assignment-one@0.1.0~start: Returned: code: 1  signal: null
13 info lifecycle react-assignment-one@0.1.0~start: Failed to exec start script
14 verbose stack Error: react-assignment-one@0.1.0 start: `PORT=3001 react-scripts start`
14 verbose stack Exit status 1
14 verbose stack     at EventEmitter.<anonymous> (/Users/gopinathmuthusamy/.nvm/versions/node/v6.9.1/lib/node_modules/npm/lib/utils/lifecycle.js:255:16)
14 verbose stack     at emitTwo (events.js:106:13)
14 verbose stack     at EventEmitter.emit (events.js:191:7)
14 verbose stack     at ChildProcess.<anonymous> (/Users/gopinathmuthusamy/.nvm/versions/node/v6.9.1/lib/node_modules/npm/lib/utils/spawn.js:40:14)
14 verbose stack     at emitTwo (events.js:106:13)
14 verbose stack     at ChildProcess.emit (events.js:191:7)
14 verbose stack     at maybeClose (internal/child_process.js:877:16)
14 verbose stack     at Process.ChildProcess._handle.onexit (internal/child_process.js:226:5)
15 verbose pkgid react-assignment-one@0.1.0
16 verbose cwd /Users/gopinathmuthusamy/Workspace/develop/react-assignment-one
17 error Darwin 17.5.0
18 error argv "/Users/gopinathmuthusamy/.nvm/versions/node/v6.9.1/bin/node" "/Users/gopinathmuthusamy/.nvm/versions/node/v6.9.1/bin/npm" "start"
19 error node v6.9.1
20 error npm  v3.10.8
21 error code ELIFECYCLE
22 error react-assignment-one@0.1.0 start: `PORT=3001 react-scripts start`
22 error Exit status 1
23 error Failed at the react-assignment-one@0.1.0 start script 'PORT=3001 react-scripts start'.
23 error Make sure you have the latest version of node.js and npm installed.
23 error If you do, this is most likely a problem with the react-assignment-one package,
23 error not with npm itself.
23 error Tell the author that this fails on your system:
23 error     PORT=3001 react-scripts start
23 error You can get information on how to open an issue for this project with:
23 error     npm bugs react-assignment-one
23 error Or if that isn't available, you can get their info via:
23 error     npm owner ls react-assignment-one
23 error There is likely additional logging output above.
24 verbose exit [ 1, true ]
